<?xml version="1.0" encoding="UTF-8"?>
<!-- Generated by org.testng.reporters.JUnitReportReporter -->
<testsuite hostname="DESKTOP-I9RL5TD" failures="0" tests="1" name="TestCases01.TC_01_LoginFunctionality" time="1.521" errors="0" timestamp="2025-03-11T14:46:54 IST" skipped="0">
  <testcase classname="TestCases01.TC_01_LoginFunctionality" name="LoginTest" time="1.521"/>
</testsuite> <!-- TestCases01.TC_01_LoginFunctionality -->
