<?xml version="1.0" encoding="UTF-8"?>
<!-- Generated by org.testng.reporters.JUnitReportReporter -->
<testsuite hostname="DESKTOP-I9RL5TD" failures="0" tests="1" name="TestCases01.TC_02_SearchHotel" time="2.696" errors="0" timestamp="2025-03-11T15:26:38 IST" skipped="0">
  <testcase classname="TestCases01.TC_02_SearchHotel" name="SearchHotel01" time="2.696"/>
</testsuite> <!-- TestCases01.TC_02_SearchHotel -->
